  decode.c
D:\MetaHookSv\thirdparty\FreeImage\Source\LibJXR\image\decode\decode.c(1,1): warning C4819: 该文件包含不能在当前代码页(936)中表示的字符。请将该文件保存为 Unicode 格式以防止数据丢失
D:\MetaHookSv\thirdparty\FreeImage\Source\LibJXR\image\sys\strcodec.h(1,1): warning C4819: 该文件包含不能在当前代码页(936)中表示的字符。请将该文件保存为 Unicode 格式以防止数据丢失
  (编译源文件“image/decode/decode.c”)
  
D:\MetaHookSv\thirdparty\FreeImage\Source\LibJXR\image\sys\windowsmediaphoto.h(1,1): warning C4819: 该文件包含不能在当前代码页(936)中表示的字符。请将该文件保存为 Unicode 格式以防止数据丢失
  (编译源文件“image/decode/decode.c”)
  
D:\MetaHookSv\thirdparty\FreeImage\Source\LibJXR\image\sys\common.h(1,1): warning C4819: 该文件包含不能在当前代码页(936)中表示的字符。请将该文件保存为 Unicode 格式以防止数据丢失
  (编译源文件“image/decode/decode.c”)
  
D:\MetaHookSv\thirdparty\FreeImage\Source\LibJXR\image\x86\x86.h(1,1): warning C4819: 该文件包含不能在当前代码页(936)中表示的字符。请将该文件保存为 Unicode 格式以防止数据丢失
  (编译源文件“image/decode/decode.c”)
  
D:\MetaHookSv\thirdparty\FreeImage\Source\LibJXR\image\decode\decode.h(1,1): warning C4819: 该文件包含不能在当前代码页(936)中表示的字符。请将该文件保存为 Unicode 格式以防止数据丢失
  (编译源文件“image/decode/decode.c”)
  
  JXRTranscode.c
D:\MetaHookSv\thirdparty\FreeImage\Source\LibJXR\image\decode\JXRTranscode.c(1,1): warning C4819: 该文件包含不能在当前代码页(936)中表示的字符。请将该文件保存为 Unicode 格式以防止数据丢失
D:\MetaHookSv\thirdparty\FreeImage\Source\LibJXR\image\sys\windowsmediaphoto.h(1,1): warning C4819: 该文件包含不能在当前代码页(936)中表示的字符。请将该文件保存为 Unicode 格式以防止数据丢失
  (编译源文件“image/decode/JXRTranscode.c”)
  
D:\MetaHookSv\thirdparty\FreeImage\Source\LibJXR\image\sys\strcodec.h(1,1): warning C4819: 该文件包含不能在当前代码页(936)中表示的字符。请将该文件保存为 Unicode 格式以防止数据丢失
  (编译源文件“image/decode/JXRTranscode.c”)
  
D:\MetaHookSv\thirdparty\FreeImage\Source\LibJXR\image\sys\common.h(1,1): warning C4819: 该文件包含不能在当前代码页(936)中表示的字符。请将该文件保存为 Unicode 格式以防止数据丢失
  (编译源文件“image/decode/JXRTranscode.c”)
  
D:\MetaHookSv\thirdparty\FreeImage\Source\LibJXR\image\x86\x86.h(1,1): warning C4819: 该文件包含不能在当前代码页(936)中表示的字符。请将该文件保存为 Unicode 格式以防止数据丢失
  (编译源文件“image/decode/JXRTranscode.c”)
  
D:\MetaHookSv\thirdparty\FreeImage\Source\LibJXR\image\decode\decode.h(1,1): warning C4819: 该文件包含不能在当前代码页(936)中表示的字符。请将该文件保存为 Unicode 格式以防止数据丢失
  (编译源文件“image/decode/JXRTranscode.c”)
  
  postprocess.c
D:\MetaHookSv\thirdparty\FreeImage\Source\LibJXR\image\decode\postprocess.c(1,1): warning C4819: 该文件包含不能在当前代码页(936)中表示的字符。请将该文件保存为 Unicode 格式以防止数据丢失
D:\MetaHookSv\thirdparty\FreeImage\Source\LibJXR\image\sys\windowsmediaphoto.h(1,1): warning C4819: 该文件包含不能在当前代码页(936)中表示的字符。请将该文件保存为 Unicode 格式以防止数据丢失
  (编译源文件“image/decode/postprocess.c”)
  
D:\MetaHookSv\thirdparty\FreeImage\Source\LibJXR\image\sys\strcodec.h(1,1): warning C4819: 该文件包含不能在当前代码页(936)中表示的字符。请将该文件保存为 Unicode 格式以防止数据丢失
  (编译源文件“image/decode/postprocess.c”)
  
D:\MetaHookSv\thirdparty\FreeImage\Source\LibJXR\image\sys\common.h(1,1): warning C4819: 该文件包含不能在当前代码页(936)中表示的字符。请将该文件保存为 Unicode 格式以防止数据丢失
  (编译源文件“image/decode/postprocess.c”)
  
D:\MetaHookSv\thirdparty\FreeImage\Source\LibJXR\image\x86\x86.h(1,1): warning C4819: 该文件包含不能在当前代码页(936)中表示的字符。请将该文件保存为 Unicode 格式以防止数据丢失
  (编译源文件“image/decode/postprocess.c”)
  
  segdec.c
D:\MetaHookSv\thirdparty\FreeImage\Source\LibJXR\image\decode\segdec.c(1,1): warning C4819: 该文件包含不能在当前代码页(936)中表示的字符。请将该文件保存为 Unicode 格式以防止数据丢失
D:\MetaHookSv\thirdparty\FreeImage\Source\LibJXR\image\sys\strcodec.h(1,1): warning C4819: 该文件包含不能在当前代码页(936)中表示的字符。请将该文件保存为 Unicode 格式以防止数据丢失
  (编译源文件“image/decode/segdec.c”)
  
D:\MetaHookSv\thirdparty\FreeImage\Source\LibJXR\image\sys\windowsmediaphoto.h(1,1): warning C4819: 该文件包含不能在当前代码页(936)中表示的字符。请将该文件保存为 Unicode 格式以防止数据丢失
  (编译源文件“image/decode/segdec.c”)
  
D:\MetaHookSv\thirdparty\FreeImage\Source\LibJXR\image\sys\common.h(1,1): warning C4819: 该文件包含不能在当前代码页(936)中表示的字符。请将该文件保存为 Unicode 格式以防止数据丢失
  (编译源文件“image/decode/segdec.c”)
  
D:\MetaHookSv\thirdparty\FreeImage\Source\LibJXR\image\x86\x86.h(1,1): warning C4819: 该文件包含不能在当前代码页(936)中表示的字符。请将该文件保存为 Unicode 格式以防止数据丢失
  (编译源文件“image/decode/segdec.c”)
  
D:\MetaHookSv\thirdparty\FreeImage\Source\LibJXR\image\decode\decode.h(1,1): warning C4819: 该文件包含不能在当前代码页(936)中表示的字符。请将该文件保存为 Unicode 格式以防止数据丢失
  (编译源文件“image/decode/segdec.c”)
  
  strdec.c
D:\MetaHookSv\thirdparty\FreeImage\Source\LibJXR\image\decode\strdec.c(1,1): warning C4819: 该文件包含不能在当前代码页(936)中表示的字符。请将该文件保存为 Unicode 格式以防止数据丢失
D:\MetaHookSv\thirdparty\FreeImage\Source\LibJXR\image\sys\strcodec.h(1,1): warning C4819: 该文件包含不能在当前代码页(936)中表示的字符。请将该文件保存为 Unicode 格式以防止数据丢失
  (编译源文件“image/decode/strdec.c”)
  
D:\MetaHookSv\thirdparty\FreeImage\Source\LibJXR\image\sys\windowsmediaphoto.h(1,1): warning C4819: 该文件包含不能在当前代码页(936)中表示的字符。请将该文件保存为 Unicode 格式以防止数据丢失
  (编译源文件“image/decode/strdec.c”)
  
D:\MetaHookSv\thirdparty\FreeImage\Source\LibJXR\image\sys\common.h(1,1): warning C4819: 该文件包含不能在当前代码页(936)中表示的字符。请将该文件保存为 Unicode 格式以防止数据丢失
  (编译源文件“image/decode/strdec.c”)
  
D:\MetaHookSv\thirdparty\FreeImage\Source\LibJXR\image\x86\x86.h(1,1): warning C4819: 该文件包含不能在当前代码页(936)中表示的字符。请将该文件保存为 Unicode 格式以防止数据丢失
  (编译源文件“image/decode/strdec.c”)
  
D:\MetaHookSv\thirdparty\FreeImage\Source\LibJXR\image\decode\decode.h(1,1): warning C4819: 该文件包含不能在当前代码页(936)中表示的字符。请将该文件保存为 Unicode 格式以防止数据丢失
  (编译源文件“image/decode/strdec.c”)
  
D:\MetaHookSv\thirdparty\FreeImage\Source\LibJXR\image\sys\strTransform.h(1,1): warning C4819: 该文件包含不能在当前代码页(936)中表示的字符。请将该文件保存为 Unicode 格式以防止数据丢失
  (编译源文件“image/decode/strdec.c”)
  
D:\MetaHookSv\thirdparty\FreeImage\Source\LibJXR\image\sys\perfTimer.h(1,1): warning C4819: 该文件包含不能在当前代码页(936)中表示的字符。请将该文件保存为 Unicode 格式以防止数据丢失
  (编译源文件“image/decode/strdec.c”)
  
  strdec_x86.c
D:\MetaHookSv\thirdparty\FreeImage\Source\LibJXR\image\decode\strdec_x86.c(1,1): warning C4819: 该文件包含不能在当前代码页(936)中表示的字符。请将该文件保存为 Unicode 格式以防止数据丢失
D:\MetaHookSv\thirdparty\FreeImage\Source\LibJXR\image\sys\strcodec.h(1,1): warning C4819: 该文件包含不能在当前代码页(936)中表示的字符。请将该文件保存为 Unicode 格式以防止数据丢失
  (编译源文件“image/decode/strdec_x86.c”)
  
D:\MetaHookSv\thirdparty\FreeImage\Source\LibJXR\image\sys\windowsmediaphoto.h(1,1): warning C4819: 该文件包含不能在当前代码页(936)中表示的字符。请将该文件保存为 Unicode 格式以防止数据丢失
  (编译源文件“image/decode/strdec_x86.c”)
  
D:\MetaHookSv\thirdparty\FreeImage\Source\LibJXR\image\sys\common.h(1,1): warning C4819: 该文件包含不能在当前代码页(936)中表示的字符。请将该文件保存为 Unicode 格式以防止数据丢失
  (编译源文件“image/decode/strdec_x86.c”)
  
D:\MetaHookSv\thirdparty\FreeImage\Source\LibJXR\image\x86\x86.h(1,1): warning C4819: 该文件包含不能在当前代码页(936)中表示的字符。请将该文件保存为 Unicode 格式以防止数据丢失
  (编译源文件“image/decode/strdec_x86.c”)
  
D:\MetaHookSv\thirdparty\FreeImage\Source\LibJXR\image\decode\decode.h(1,1): warning C4819: 该文件包含不能在当前代码页(936)中表示的字符。请将该文件保存为 Unicode 格式以防止数据丢失
  (编译源文件“image/decode/strdec_x86.c”)
  
  strInvTransform.c
D:\MetaHookSv\thirdparty\FreeImage\Source\LibJXR\image\decode\strInvTransform.c(1,1): warning C4819: 该文件包含不能在当前代码页(936)中表示的字符。请将该文件保存为 Unicode 格式以防止数据丢失
D:\MetaHookSv\thirdparty\FreeImage\Source\LibJXR\image\sys\strTransform.h(1,1): warning C4819: 该文件包含不能在当前代码页(936)中表示的字符。请将该文件保存为 Unicode 格式以防止数据丢失
  (编译源文件“image/decode/strInvTransform.c”)
  
D:\MetaHookSv\thirdparty\FreeImage\Source\LibJXR\image\sys\windowsmediaphoto.h(1,1): warning C4819: 该文件包含不能在当前代码页(936)中表示的字符。请将该文件保存为 Unicode 格式以防止数据丢失
  (编译源文件“image/decode/strInvTransform.c”)
  
D:\MetaHookSv\thirdparty\FreeImage\Source\LibJXR\image\sys\strcodec.h(1,1): warning C4819: 该文件包含不能在当前代码页(936)中表示的字符。请将该文件保存为 Unicode 格式以防止数据丢失
  (编译源文件“image/decode/strInvTransform.c”)
  
D:\MetaHookSv\thirdparty\FreeImage\Source\LibJXR\image\sys\common.h(1,1): warning C4819: 该文件包含不能在当前代码页(936)中表示的字符。请将该文件保存为 Unicode 格式以防止数据丢失
  (编译源文件“image/decode/strInvTransform.c”)
  
D:\MetaHookSv\thirdparty\FreeImage\Source\LibJXR\image\x86\x86.h(1,1): warning C4819: 该文件包含不能在当前代码页(936)中表示的字符。请将该文件保存为 Unicode 格式以防止数据丢失
  (编译源文件“image/decode/strInvTransform.c”)
  
D:\MetaHookSv\thirdparty\FreeImage\Source\LibJXR\image\decode\decode.h(1,1): warning C4819: 该文件包含不能在当前代码页(936)中表示的字符。请将该文件保存为 Unicode 格式以防止数据丢失
  (编译源文件“Source/LibJXR/image/decode/strInvTransform.c”)
  
  strPredQuantDec.c
D:\MetaHookSv\thirdparty\FreeImage\Source\LibJXR\image\decode\strPredQuantDec.c(1,1): warning C4819: 该文件包含不能在当前代码页(936)中表示的字符。请将该文件保存为 Unicode 格式以防止数据丢失
D:\MetaHookSv\thirdparty\FreeImage\Source\LibJXR\image\sys\strcodec.h(1,1): warning C4819: 该文件包含不能在当前代码页(936)中表示的字符。请将该文件保存为 Unicode 格式以防止数据丢失
  (编译源文件“../LibJXR/image/decode/strPredQuantDec.c”)
  
D:\MetaHookSv\thirdparty\FreeImage\Source\LibJXR\image\sys\windowsmediaphoto.h(1,1): warning C4819: 该文件包含不能在当前代码页(936)中表示的字符。请将该文件保存为 Unicode 格式以防止数据丢失
  (编译源文件“../LibJXR/image/decode/strPredQuantDec.c”)
  
D:\MetaHookSv\thirdparty\FreeImage\Source\LibJXR\image\sys\common.h(1,1): warning C4819: 该文件包含不能在当前代码页(936)中表示的字符。请将该文件保存为 Unicode 格式以防止数据丢失
  (编译源文件“../LibJXR/image/decode/strPredQuantDec.c”)
  
D:\MetaHookSv\thirdparty\FreeImage\Source\LibJXR\image\x86\x86.h(1,1): warning C4819: 该文件包含不能在当前代码页(936)中表示的字符。请将该文件保存为 Unicode 格式以防止数据丢失
  (编译源文件“../LibJXR/image/decode/strPredQuantDec.c”)
  
  encode.c
D:\MetaHookSv\thirdparty\FreeImage\Source\LibJXR\image\encode\encode.c(1,1): warning C4819: 该文件包含不能在当前代码页(936)中表示的字符。请将该文件保存为 Unicode 格式以防止数据丢失
D:\MetaHookSv\thirdparty\FreeImage\Source\LibJXR\image\encode\encode.h(1,1): warning C4819: 该文件包含不能在当前代码页(936)中表示的字符。请将该文件保存为 Unicode 格式以防止数据丢失
  (编译源文件“../LibJXR/image/encode/encode.c”)
  
D:\MetaHookSv\thirdparty\FreeImage\Source\LibJXR\image\sys\strcodec.h(1,1): warning C4819: 该文件包含不能在当前代码页(936)中表示的字符。请将该文件保存为 Unicode 格式以防止数据丢失
  (编译源文件“../LibJXR/image/encode/encode.c”)
  
D:\MetaHookSv\thirdparty\FreeImage\Source\LibJXR\image\sys\windowsmediaphoto.h(1,1): warning C4819: 该文件包含不能在当前代码页(936)中表示的字符。请将该文件保存为 Unicode 格式以防止数据丢失
  (编译源文件“../LibJXR/image/encode/encode.c”)
  
D:\MetaHookSv\thirdparty\FreeImage\Source\LibJXR\image\sys\common.h(1,1): warning C4819: 该文件包含不能在当前代码页(936)中表示的字符。请将该文件保存为 Unicode 格式以防止数据丢失
  (编译源文件“../LibJXR/image/encode/encode.c”)
  
D:\MetaHookSv\thirdparty\FreeImage\Source\LibJXR\image\x86\x86.h(1,1): warning C4819: 该文件包含不能在当前代码页(936)中表示的字符。请将该文件保存为 Unicode 格式以防止数据丢失
  (编译源文件“../LibJXR/image/encode/encode.c”)
  
  segenc.c
D:\MetaHookSv\thirdparty\FreeImage\Source\LibJXR\image\encode\segenc.c(1,1): warning C4819: 该文件包含不能在当前代码页(936)中表示的字符。请将该文件保存为 Unicode 格式以防止数据丢失
D:\MetaHookSv\thirdparty\FreeImage\Source\LibJXR\image\sys\strcodec.h(1,1): warning C4819: 该文件包含不能在当前代码页(936)中表示的字符。请将该文件保存为 Unicode 格式以防止数据丢失
  (编译源文件“../LibJXR/image/encode/segenc.c”)
  
D:\MetaHookSv\thirdparty\FreeImage\Source\LibJXR\image\sys\windowsmediaphoto.h(1,1): warning C4819: 该文件包含不能在当前代码页(936)中表示的字符。请将该文件保存为 Unicode 格式以防止数据丢失
  (编译源文件“../LibJXR/image/encode/segenc.c”)
  
D:\MetaHookSv\thirdparty\FreeImage\Source\LibJXR\image\sys\common.h(1,1): warning C4819: 该文件包含不能在当前代码页(936)中表示的字符。请将该文件保存为 Unicode 格式以防止数据丢失
  (编译源文件“../LibJXR/image/encode/segenc.c”)
  
D:\MetaHookSv\thirdparty\FreeImage\Source\LibJXR\image\x86\x86.h(1,1): warning C4819: 该文件包含不能在当前代码页(936)中表示的字符。请将该文件保存为 Unicode 格式以防止数据丢失
  (编译源文件“../LibJXR/image/encode/segenc.c”)
  
D:\MetaHookSv\thirdparty\FreeImage\Source\LibJXR\image\encode\encode.h(1,1): warning C4819: 该文件包含不能在当前代码页(936)中表示的字符。请将该文件保存为 Unicode 格式以防止数据丢失
  (编译源文件“../LibJXR/image/encode/segenc.c”)
  
  strenc.c
D:\MetaHookSv\thirdparty\FreeImage\Source\LibJXR\image\encode\strenc.c(1,1): warning C4819: 该文件包含不能在当前代码页(936)中表示的字符。请将该文件保存为 Unicode 格式以防止数据丢失
D:\MetaHookSv\thirdparty\FreeImage\Source\LibJXR\image\sys\strcodec.h(1,1): warning C4819: 该文件包含不能在当前代码页(936)中表示的字符。请将该文件保存为 Unicode 格式以防止数据丢失
  (编译源文件“../LibJXR/image/encode/strenc.c”)
  
D:\MetaHookSv\thirdparty\FreeImage\Source\LibJXR\image\sys\windowsmediaphoto.h(1,1): warning C4819: 该文件包含不能在当前代码页(936)中表示的字符。请将该文件保存为 Unicode 格式以防止数据丢失
  (编译源文件“../LibJXR/image/encode/strenc.c”)
  
D:\MetaHookSv\thirdparty\FreeImage\Source\LibJXR\image\sys\common.h(1,1): warning C4819: 该文件包含不能在当前代码页(936)中表示的字符。请将该文件保存为 Unicode 格式以防止数据丢失
  (编译源文件“../LibJXR/image/encode/strenc.c”)
  
D:\MetaHookSv\thirdparty\FreeImage\Source\LibJXR\image\x86\x86.h(1,1): warning C4819: 该文件包含不能在当前代码页(936)中表示的字符。请将该文件保存为 Unicode 格式以防止数据丢失
  (编译源文件“../LibJXR/image/encode/strenc.c”)
  
D:\MetaHookSv\thirdparty\FreeImage\Source\LibJXR\image\encode\encode.h(1,1): warning C4819: 该文件包含不能在当前代码页(936)中表示的字符。请将该文件保存为 Unicode 格式以防止数据丢失
  (编译源文件“../LibJXR/image/encode/strenc.c”)
  
D:\MetaHookSv\thirdparty\FreeImage\Source\LibJXR\image\sys\strTransform.h(1,1): warning C4819: 该文件包含不能在当前代码页(936)中表示的字符。请将该文件保存为 Unicode 格式以防止数据丢失
  (编译源文件“../LibJXR/image/encode/strenc.c”)
  
D:\MetaHookSv\thirdparty\FreeImage\Source\LibJXR\image\sys\perfTimer.h(1,1): warning C4819: 该文件包含不能在当前代码页(936)中表示的字符。请将该文件保存为 Unicode 格式以防止数据丢失
  (编译源文件“../LibJXR/image/encode/strenc.c”)
  
  strenc_x86.c
D:\MetaHookSv\thirdparty\FreeImage\Source\LibJXR\image\encode\strenc_x86.c(1,1): warning C4819: 该文件包含不能在当前代码页(936)中表示的字符。请将该文件保存为 Unicode 格式以防止数据丢失
D:\MetaHookSv\thirdparty\FreeImage\Source\LibJXR\image\sys\strcodec.h(1,1): warning C4819: 该文件包含不能在当前代码页(936)中表示的字符。请将该文件保存为 Unicode 格式以防止数据丢失
  (编译源文件“../LibJXR/image/encode/strenc_x86.c”)
  
D:\MetaHookSv\thirdparty\FreeImage\Source\LibJXR\image\sys\windowsmediaphoto.h(1,1): warning C4819: 该文件包含不能在当前代码页(936)中表示的字符。请将该文件保存为 Unicode 格式以防止数据丢失
  (编译源文件“../LibJXR/image/encode/strenc_x86.c”)
  
D:\MetaHookSv\thirdparty\FreeImage\Source\LibJXR\image\sys\common.h(1,1): warning C4819: 该文件包含不能在当前代码页(936)中表示的字符。请将该文件保存为 Unicode 格式以防止数据丢失
  (编译源文件“../LibJXR/image/encode/strenc_x86.c”)
  
D:\MetaHookSv\thirdparty\FreeImage\Source\LibJXR\image\x86\x86.h(1,1): warning C4819: 该文件包含不能在当前代码页(936)中表示的字符。请将该文件保存为 Unicode 格式以防止数据丢失
  (编译源文件“../LibJXR/image/encode/strenc_x86.c”)
  
  strFwdTransform.c
D:\MetaHookSv\thirdparty\FreeImage\Source\LibJXR\image\encode\strFwdTransform.c(1,1): warning C4819: 该文件包含不能在当前代码页(936)中表示的字符。请将该文件保存为 Unicode 格式以防止数据丢失
D:\MetaHookSv\thirdparty\FreeImage\Source\LibJXR\image\sys\strTransform.h(1,1): warning C4819: 该文件包含不能在当前代码页(936)中表示的字符。请将该文件保存为 Unicode 格式以防止数据丢失
  (编译源文件“../LibJXR/image/encode/strFwdTransform.c”)
  
D:\MetaHookSv\thirdparty\FreeImage\Source\LibJXR\image\sys\windowsmediaphoto.h(1,1): warning C4819: 该文件包含不能在当前代码页(936)中表示的字符。请将该文件保存为 Unicode 格式以防止数据丢失
  (编译源文件“../LibJXR/image/encode/strFwdTransform.c”)
  
D:\MetaHookSv\thirdparty\FreeImage\Source\LibJXR\image\encode\encode.h(1,1): warning C4819: 该文件包含不能在当前代码页(936)中表示的字符。请将该文件保存为 Unicode 格式以防止数据丢失
  (编译源文件“../LibJXR/image/encode/strFwdTransform.c”)
  
D:\MetaHookSv\thirdparty\FreeImage\Source\LibJXR\image\sys\strcodec.h(1,1): warning C4819: 该文件包含不能在当前代码页(936)中表示的字符。请将该文件保存为 Unicode 格式以防止数据丢失
  (编译源文件“../LibJXR/image/encode/strFwdTransform.c”)
  
D:\MetaHookSv\thirdparty\FreeImage\Source\LibJXR\image\sys\common.h(1,1): warning C4819: 该文件包含不能在当前代码页(936)中表示的字符。请将该文件保存为 Unicode 格式以防止数据丢失
  (编译源文件“../LibJXR/image/encode/strFwdTransform.c”)
  
D:\MetaHookSv\thirdparty\FreeImage\Source\LibJXR\image\x86\x86.h(1,1): warning C4819: 该文件包含不能在当前代码页(936)中表示的字符。请将该文件保存为 Unicode 格式以防止数据丢失
  (编译源文件“../LibJXR/image/encode/strFwdTransform.c”)
  
  strPredQuantEnc.c
D:\MetaHookSv\thirdparty\FreeImage\Source\LibJXR\image\encode\strPredQuantEnc.c(1,1): warning C4819: 该文件包含不能在当前代码页(936)中表示的字符。请将该文件保存为 Unicode 格式以防止数据丢失
D:\MetaHookSv\thirdparty\FreeImage\Source\LibJXR\image\sys\strcodec.h(1,1): warning C4819: 该文件包含不能在当前代码页(936)中表示的字符。请将该文件保存为 Unicode 格式以防止数据丢失
  (编译源文件“../LibJXR/image/encode/strPredQuantEnc.c”)
  
D:\MetaHookSv\thirdparty\FreeImage\Source\LibJXR\image\sys\windowsmediaphoto.h(1,1): warning C4819: 该文件包含不能在当前代码页(936)中表示的字符。请将该文件保存为 Unicode 格式以防止数据丢失
  (编译源文件“../LibJXR/image/encode/strPredQuantEnc.c”)
  
D:\MetaHookSv\thirdparty\FreeImage\Source\LibJXR\image\sys\common.h(1,1): warning C4819: 该文件包含不能在当前代码页(936)中表示的字符。请将该文件保存为 Unicode 格式以防止数据丢失
  (编译源文件“../LibJXR/image/encode/strPredQuantEnc.c”)
  
D:\MetaHookSv\thirdparty\FreeImage\Source\LibJXR\image\x86\x86.h(1,1): warning C4819: 该文件包含不能在当前代码页(936)中表示的字符。请将该文件保存为 Unicode 格式以防止数据丢失
  (编译源文件“../LibJXR/image/encode/strPredQuantEnc.c”)
  
D:\MetaHookSv\thirdparty\FreeImage\Source\LibJXR\image\encode\encode.h(1,1): warning C4819: 该文件包含不能在当前代码页(936)中表示的字符。请将该文件保存为 Unicode 格式以防止数据丢失
  (编译源文件“../LibJXR/image/encode/strPredQuantEnc.c”)
  
  adapthuff.c
D:\MetaHookSv\thirdparty\FreeImage\Source\LibJXR\image\sys\adapthuff.c(1,1): warning C4819: 该文件包含不能在当前代码页(936)中表示的字符。请将该文件保存为 Unicode 格式以防止数据丢失
D:\MetaHookSv\thirdparty\FreeImage\Source\LibJXR\image\sys\strcodec.h(1,1): warning C4819: 该文件包含不能在当前代码页(936)中表示的字符。请将该文件保存为 Unicode 格式以防止数据丢失
  (编译源文件“../LibJXR/image/sys/adapthuff.c”)
  
D:\MetaHookSv\thirdparty\FreeImage\Source\LibJXR\image\sys\windowsmediaphoto.h(1,1): warning C4819: 该文件包含不能在当前代码页(936)中表示的字符。请将该文件保存为 Unicode 格式以防止数据丢失
  (编译源文件“../LibJXR/image/sys/adapthuff.c”)
  
D:\MetaHookSv\thirdparty\FreeImage\Source\LibJXR\image\sys\common.h(1,1): warning C4819: 该文件包含不能在当前代码页(936)中表示的字符。请将该文件保存为 Unicode 格式以防止数据丢失
  (编译源文件“../LibJXR/image/sys/adapthuff.c”)
  
D:\MetaHookSv\thirdparty\FreeImage\Source\LibJXR\image\x86\x86.h(1,1): warning C4819: 该文件包含不能在当前代码页(936)中表示的字符。请将该文件保存为 Unicode 格式以防止数据丢失
  (编译源文件“../LibJXR/image/sys/adapthuff.c”)
  
  image.c
D:\MetaHookSv\thirdparty\FreeImage\Source\LibJXR\image\sys\image.c(1,1): warning C4819: 该文件包含不能在当前代码页(936)中表示的字符。请将该文件保存为 Unicode 格式以防止数据丢失
D:\MetaHookSv\thirdparty\FreeImage\Source\LibJXR\image\sys\strcodec.h(1,1): warning C4819: 该文件包含不能在当前代码页(936)中表示的字符。请将该文件保存为 Unicode 格式以防止数据丢失
  (编译源文件“../LibJXR/image/sys/image.c”)
  
D:\MetaHookSv\thirdparty\FreeImage\Source\LibJXR\image\sys\windowsmediaphoto.h(1,1): warning C4819: 该文件包含不能在当前代码页(936)中表示的字符。请将该文件保存为 Unicode 格式以防止数据丢失
  (编译源文件“../LibJXR/image/sys/image.c”)
  
D:\MetaHookSv\thirdparty\FreeImage\Source\LibJXR\image\sys\common.h(1,1): warning C4819: 该文件包含不能在当前代码页(936)中表示的字符。请将该文件保存为 Unicode 格式以防止数据丢失
  (编译源文件“../LibJXR/image/sys/image.c”)
  
D:\MetaHookSv\thirdparty\FreeImage\Source\LibJXR\image\x86\x86.h(1,1): warning C4819: 该文件包含不能在当前代码页(936)中表示的字符。请将该文件保存为 Unicode 格式以防止数据丢失
  (编译源文件“../LibJXR/image/sys/image.c”)
  
  strcodec.c
D:\MetaHookSv\thirdparty\FreeImage\Source\LibJXR\image\sys\strcodec.c(1,1): warning C4819: 该文件包含不能在当前代码页(936)中表示的字符。请将该文件保存为 Unicode 格式以防止数据丢失
D:\MetaHookSv\thirdparty\FreeImage\Source\LibJXR\image\sys\strcodec.h(1,1): warning C4819: 该文件包含不能在当前代码页(936)中表示的字符。请将该文件保存为 Unicode 格式以防止数据丢失
  (编译源文件“../LibJXR/image/sys/strcodec.c”)
  
D:\MetaHookSv\thirdparty\FreeImage\Source\LibJXR\image\sys\windowsmediaphoto.h(1,1): warning C4819: 该文件包含不能在当前代码页(936)中表示的字符。请将该文件保存为 Unicode 格式以防止数据丢失
  (编译源文件“../LibJXR/image/sys/strcodec.c”)
  
D:\MetaHookSv\thirdparty\FreeImage\Source\LibJXR\image\sys\common.h(1,1): warning C4819: 该文件包含不能在当前代码页(936)中表示的字符。请将该文件保存为 Unicode 格式以防止数据丢失
  (编译源文件“../LibJXR/image/sys/strcodec.c”)
  
D:\MetaHookSv\thirdparty\FreeImage\Source\LibJXR\image\x86\x86.h(1,1): warning C4819: 该文件包含不能在当前代码页(936)中表示的字符。请将该文件保存为 Unicode 格式以防止数据丢失
  (编译源文件“../LibJXR/image/sys/strcodec.c”)
  
D:\MetaHookSv\thirdparty\FreeImage\Source\LibJXR\image\sys\perfTimer.h(1,1): warning C4819: 该文件包含不能在当前代码页(936)中表示的字符。请将该文件保存为 Unicode 格式以防止数据丢失
  (编译源文件“../LibJXR/image/sys/strcodec.c”)
  
  strPredQuant.c
D:\MetaHookSv\thirdparty\FreeImage\Source\LibJXR\image\sys\strPredQuant.c(1,1): warning C4819: 该文件包含不能在当前代码页(936)中表示的字符。请将该文件保存为 Unicode 格式以防止数据丢失
D:\MetaHookSv\thirdparty\FreeImage\Source\LibJXR\image\sys\strcodec.h(1,1): warning C4819: 该文件包含不能在当前代码页(936)中表示的字符。请将该文件保存为 Unicode 格式以防止数据丢失
  (编译源文件“../LibJXR/image/sys/strPredQuant.c”)
  
D:\MetaHookSv\thirdparty\FreeImage\Source\LibJXR\image\sys\windowsmediaphoto.h(1,1): warning C4819: 该文件包含不能在当前代码页(936)中表示的字符。请将该文件保存为 Unicode 格式以防止数据丢失
  (编译源文件“../LibJXR/image/sys/strPredQuant.c”)
  
D:\MetaHookSv\thirdparty\FreeImage\Source\LibJXR\image\sys\common.h(1,1): warning C4819: 该文件包含不能在当前代码页(936)中表示的字符。请将该文件保存为 Unicode 格式以防止数据丢失
  (编译源文件“../LibJXR/image/sys/strPredQuant.c”)
  
D:\MetaHookSv\thirdparty\FreeImage\Source\LibJXR\image\x86\x86.h(1,1): warning C4819: 该文件包含不能在当前代码页(936)中表示的字符。请将该文件保存为 Unicode 格式以防止数据丢失
  (编译源文件“../LibJXR/image/sys/strPredQuant.c”)
  
  strTransform.c
D:\MetaHookSv\thirdparty\FreeImage\Source\LibJXR\image\sys\strTransform.c(1,1): warning C4819: 该文件包含不能在当前代码页(936)中表示的字符。请将该文件保存为 Unicode 格式以防止数据丢失
D:\MetaHookSv\thirdparty\FreeImage\Source\LibJXR\image\sys\strTransform.h(1,1): warning C4819: 该文件包含不能在当前代码页(936)中表示的字符。请将该文件保存为 Unicode 格式以防止数据丢失
  (编译源文件“../LibJXR/image/sys/strTransform.c”)
  
D:\MetaHookSv\thirdparty\FreeImage\Source\LibJXR\image\sys\windowsmediaphoto.h(1,1): warning C4819: 该文件包含不能在当前代码页(936)中表示的字符。请将该文件保存为 Unicode 格式以防止数据丢失
  (编译源文件“../LibJXR/image/sys/strTransform.c”)
  
  JXRGlue.c
D:\MetaHookSv\thirdparty\FreeImage\Source\LibJXR\jxrgluelib\JXRGlue.c(1,1): warning C4819: 该文件包含不能在当前代码页(936)中表示的字符。请将该文件保存为 Unicode 格式以防止数据丢失
D:\MetaHookSv\thirdparty\FreeImage\Source\LibJXR\jxrgluelib\JXRGlue.h(1,1): warning C4819: 该文件包含不能在当前代码页(936)中表示的字符。请将该文件保存为 Unicode 格式以防止数据丢失
  (编译源文件“../LibJXR/jxrgluelib/JXRGlue.c”)
  
D:\MetaHookSv\thirdparty\FreeImage\Source\LibJXR\jxrgluelib\JXRMeta.h(1,1): warning C4819: 该文件包含不能在当前代码页(936)中表示的字符。请将该文件保存为 Unicode 格式以防止数据丢失
  (编译源文件“../LibJXR/jxrgluelib/JXRGlue.c”)
  
D:\MetaHookSv\thirdparty\FreeImage\Source\LibJXR\image\sys\windowsmediaphoto.h(1,1): warning C4819: 该文件包含不能在当前代码页(936)中表示的字符。请将该文件保存为 Unicode 格式以防止数据丢失
  (编译源文件“../LibJXR/jxrgluelib/JXRGlue.c”)
  
  正在生成代码...
  正在编译...
  JXRGlueJxr.c
D:\MetaHookSv\thirdparty\FreeImage\Source\LibJXR\jxrgluelib\JXRGlueJxr.c(1,1): warning C4819: 该文件包含不能在当前代码页(936)中表示的字符。请将该文件保存为 Unicode 格式以防止数据丢失
D:\MetaHookSv\thirdparty\FreeImage\Source\LibJXR\jxrgluelib\JXRGlue.h(1,1): warning C4819: 该文件包含不能在当前代码页(936)中表示的字符。请将该文件保存为 Unicode 格式以防止数据丢失
  (编译源文件“../LibJXR/jxrgluelib/JXRGlueJxr.c”)
  
D:\MetaHookSv\thirdparty\FreeImage\Source\LibJXR\jxrgluelib\JXRMeta.h(1,1): warning C4819: 该文件包含不能在当前代码页(936)中表示的字符。请将该文件保存为 Unicode 格式以防止数据丢失
  (编译源文件“../LibJXR/jxrgluelib/JXRGlueJxr.c”)
  
D:\MetaHookSv\thirdparty\FreeImage\Source\LibJXR\image\sys\windowsmediaphoto.h(1,1): warning C4819: 该文件包含不能在当前代码页(936)中表示的字符。请将该文件保存为 Unicode 格式以防止数据丢失
  (编译源文件“../LibJXR/jxrgluelib/JXRGlueJxr.c”)
  
  JXRGluePFC.c
D:\MetaHookSv\thirdparty\FreeImage\Source\LibJXR\jxrgluelib\JXRGluePFC.c(1,1): warning C4819: 该文件包含不能在当前代码页(936)中表示的字符。请将该文件保存为 Unicode 格式以防止数据丢失
D:\MetaHookSv\thirdparty\FreeImage\Source\LibJXR\jxrgluelib\JXRGlue.h(1,1): warning C4819: 该文件包含不能在当前代码页(936)中表示的字符。请将该文件保存为 Unicode 格式以防止数据丢失
  (编译源文件“../LibJXR/jxrgluelib/JXRGluePFC.c”)
  
D:\MetaHookSv\thirdparty\FreeImage\Source\LibJXR\jxrgluelib\JXRMeta.h(1,1): warning C4819: 该文件包含不能在当前代码页(936)中表示的字符。请将该文件保存为 Unicode 格式以防止数据丢失
  (编译源文件“../LibJXR/jxrgluelib/JXRGluePFC.c”)
  
D:\MetaHookSv\thirdparty\FreeImage\Source\LibJXR\image\sys\windowsmediaphoto.h(1,1): warning C4819: 该文件包含不能在当前代码页(936)中表示的字符。请将该文件保存为 Unicode 格式以防止数据丢失
  (编译源文件“../LibJXR/jxrgluelib/JXRGluePFC.c”)
  
  JXRMeta.c
D:\MetaHookSv\thirdparty\FreeImage\Source\LibJXR\jxrgluelib\JXRMeta.c(1,1): warning C4819: 该文件包含不能在当前代码页(936)中表示的字符。请将该文件保存为 Unicode 格式以防止数据丢失
D:\MetaHookSv\thirdparty\FreeImage\Source\LibJXR\jxrgluelib\JXRMeta.h(1,1): warning C4819: 该文件包含不能在当前代码页(936)中表示的字符。请将该文件保存为 Unicode 格式以防止数据丢失
  (编译源文件“../LibJXR/jxrgluelib/JXRMeta.c”)
  
D:\MetaHookSv\thirdparty\FreeImage\Source\LibJXR\image\sys\windowsmediaphoto.h(1,1): warning C4819: 该文件包含不能在当前代码页(936)中表示的字符。请将该文件保存为 Unicode 格式以防止数据丢失
  (编译源文件“../LibJXR/jxrgluelib/JXRMeta.c”)
  
D:\MetaHookSv\thirdparty\FreeImage\Source\LibJXR\jxrgluelib\JXRGlue.h(1,1): warning C4819: 该文件包含不能在当前代码页(936)中表示的字符。请将该文件保存为 Unicode 格式以防止数据丢失
  (编译源文件“../LibJXR/jxrgluelib/JXRMeta.c”)
  
  正在生成代码...
  LibJXR.2017.vcxproj -> D:\MetaHookSv\thirdparty\FreeImage\Source\LibJXR\x64\Release\LibJXR.lib
