  tif_aux.c
  tif_close.c
  tif_codec.c
  tif_color.c
  tif_compress.c
  tif_dir.c
  tif_dirinfo.c
  tif_dirread.c
  tif_dirwrite.c
  tif_dumpmode.c
  tif_error.c
  tif_extension.c
  tif_fax3.c
  tif_fax3sm.c
  tif_flush.c
  tif_getimage.c
  tif_jpeg.c
  tif_luv.c
  tif_lzma.c
  tif_lzw.c
  正在生成代码...
  正在编译...
  tif_next.c
  tif_ojpeg.c
D:\MetaHookSv\thirdparty\FreeImage\Source\LibTIFF4\tif_ojpeg.c(617,14): warning C4477: “fprintf”: 格式字符串“%lu”需要类型“unsigned long”的参数，但可变参数 1 拥有了类型“uint64”
  D:\MetaHookSv\thirdparty\FreeImage\Source\LibTIFF4\tif_ojpeg.c(617,14):
  请考虑在格式字符串中使用“%llu”
  D:\MetaHookSv\thirdparty\FreeImage\Source\LibTIFF4\tif_ojpeg.c(617,14):
  请考虑在格式字符串中使用“%Iu”
  D:\MetaHookSv\thirdparty\FreeImage\Source\LibTIFF4\tif_ojpeg.c(617,14):
  请考虑在格式字符串中使用“%I64u”
  
D:\MetaHookSv\thirdparty\FreeImage\Source\LibTIFF4\tif_ojpeg.c(619,14): warning C4477: “fprintf”: 格式字符串“%lu”需要类型“unsigned long”的参数，但可变参数 1 拥有了类型“uint64”
  D:\MetaHookSv\thirdparty\FreeImage\Source\LibTIFF4\tif_ojpeg.c(619,14):
  请考虑在格式字符串中使用“%llu”
  D:\MetaHookSv\thirdparty\FreeImage\Source\LibTIFF4\tif_ojpeg.c(619,14):
  请考虑在格式字符串中使用“%Iu”
  D:\MetaHookSv\thirdparty\FreeImage\Source\LibTIFF4\tif_ojpeg.c(619,14):
  请考虑在格式字符串中使用“%I64u”
  
D:\MetaHookSv\thirdparty\FreeImage\Source\LibTIFF4\tif_ojpeg.c(624,15): warning C4477: “fprintf”: 格式字符串“%lu”需要类型“unsigned long”的参数，但可变参数 1 拥有了类型“uint64”
  D:\MetaHookSv\thirdparty\FreeImage\Source\LibTIFF4\tif_ojpeg.c(624,15):
  请考虑在格式字符串中使用“%llu”
  D:\MetaHookSv\thirdparty\FreeImage\Source\LibTIFF4\tif_ojpeg.c(624,15):
  请考虑在格式字符串中使用“%Iu”
  D:\MetaHookSv\thirdparty\FreeImage\Source\LibTIFF4\tif_ojpeg.c(624,15):
  请考虑在格式字符串中使用“%I64u”
  
D:\MetaHookSv\thirdparty\FreeImage\Source\LibTIFF4\tif_ojpeg.c(631,15): warning C4477: “fprintf”: 格式字符串“%lu”需要类型“unsigned long”的参数，但可变参数 1 拥有了类型“uint64”
  D:\MetaHookSv\thirdparty\FreeImage\Source\LibTIFF4\tif_ojpeg.c(631,15):
  请考虑在格式字符串中使用“%llu”
  D:\MetaHookSv\thirdparty\FreeImage\Source\LibTIFF4\tif_ojpeg.c(631,15):
  请考虑在格式字符串中使用“%Iu”
  D:\MetaHookSv\thirdparty\FreeImage\Source\LibTIFF4\tif_ojpeg.c(631,15):
  请考虑在格式字符串中使用“%I64u”
  
D:\MetaHookSv\thirdparty\FreeImage\Source\LibTIFF4\tif_ojpeg.c(638,15): warning C4477: “fprintf”: 格式字符串“%lu”需要类型“unsigned long”的参数，但可变参数 1 拥有了类型“uint64”
  D:\MetaHookSv\thirdparty\FreeImage\Source\LibTIFF4\tif_ojpeg.c(638,15):
  请考虑在格式字符串中使用“%llu”
  D:\MetaHookSv\thirdparty\FreeImage\Source\LibTIFF4\tif_ojpeg.c(638,15):
  请考虑在格式字符串中使用“%Iu”
  D:\MetaHookSv\thirdparty\FreeImage\Source\LibTIFF4\tif_ojpeg.c(638,15):
  请考虑在格式字符串中使用“%I64u”
  
  tif_open.c
  tif_packbits.c
  tif_pixarlog.c
  tif_predict.c
  tif_print.c
  tif_read.c
  tif_strip.c
  tif_swab.c
  tif_thunder.c
  tif_tile.c
  tif_version.c
  tif_warning.c
  tif_write.c
  tif_zip.c
  正在生成代码...
  LibTIFF4.2017.vcxproj -> D:\MetaHookSv\thirdparty\FreeImage\Source\LibTIFF4\x64\Release\LibTIFF4.lib
